[2024-11-21 09:18:48] [INFO] Starting payment status check request
[2024-11-21 09:18:48] [DEBUG] Raw input: {"checkoutRequestId":"ws_CO_21112024111911767757196660"}
[2024-11-21 11:18:49] [INFO] Access token generated successfully
[2024-11-21 11:18:49] [INFO] Starting transaction query for CheckoutRequestID: ws_CO_21112024111911767757196660
[2024-11-21 11:18:49] [INFO] Query payload: {"BusinessShortCode":"174379","Password":"MTc0Mzc5YmZiMjc5ZjlhYTliZGJjZjE1OGU5N2RkNzFhNDY3Y2QyZTBjODkzMDU5YjEwZjc4ZTZiNzJhZGExZWQyYzkxOTIwMjQxMTIxMTExODQ5","Timestamp":"20241121111849","CheckoutRequestID":"ws_CO_21112024111911767757196660"}
[2024-11-21 11:18:49] [INFO] Full MPesa API Response: {
            "ResponseCode": "0",
            "ResponseDescription":"The service request has been accepted successsfully",
            "MerchantRequestID":"3124-481d-b706-10bdd6fbc8e21900511",
            "CheckoutRequestID":"ws_CO_21112024111911767757196660",
            "ResultCode": "1032",
            "ResultDesc":"Request cancelled by user"
        }
        
[2024-11-21 11:18:49] [DEBUG] Parsed MPesa Response: {"ResponseCode":"0","ResponseDescription":"The service request has been accepted successsfully","MerchantRequestID":"3124-481d-b706-10bdd6fbc8e21900511","CheckoutRequestID":"ws_CO_21112024111911767757196660","ResultCode":"1032","ResultDesc":"Request cancelled by user","ResultMessage":"Transaction cancelled by user"}
[2024-11-21 11:18:49] [INFO] Database connection established successfully
[2024-11-21 11:18:49] [DEBUG] Attempting to update payment status with details: {"checkoutRequestId":"ws_CO_21112024111911767757196660","status":"CANCELLED","resultCode":"1032","resultDesc":"Request cancelled by user","mpesaReceiptNumber":null,"phoneNumber":null}
[2024-11-21 11:18:49] [DEBUG] Payment status update - Affected rows: 1
[2024-11-21 11:18:49] [INFO] Successfully updated payment status for CheckoutRequestID: ws_CO_21112024111911767757196660
[2024-11-21 09:18:56] [INFO] Starting payment status check request
[2024-11-21 09:18:56] [DEBUG] Raw input: {"checkoutRequestId":"ws_CO_21112024111911767757196660"}
[2024-11-21 11:18:57] [INFO] Access token generated successfully
[2024-11-21 11:18:57] [INFO] Starting transaction query for CheckoutRequestID: ws_CO_21112024111911767757196660
[2024-11-21 11:18:57] [INFO] Query payload: {"BusinessShortCode":"174379","Password":"MTc0Mzc5YmZiMjc5ZjlhYTliZGJjZjE1OGU5N2RkNzFhNDY3Y2QyZTBjODkzMDU5YjEwZjc4ZTZiNzJhZGExZWQyYzkxOTIwMjQxMTIxMTExODU3","Timestamp":"20241121111857","CheckoutRequestID":"ws_CO_21112024111911767757196660"}
[2024-11-21 11:18:57] [INFO] Full MPesa API Response: {
            "ResponseCode": "0",
            "ResponseDescription":"The service request has been accepted successsfully",
            "MerchantRequestID":"3124-481d-b706-10bdd6fbc8e21900511",
            "CheckoutRequestID":"ws_CO_21112024111911767757196660",
            "ResultCode": "1032",
            "ResultDesc":"Request cancelled by user"
        }
        
[2024-11-21 11:18:57] [DEBUG] Parsed MPesa Response: {"ResponseCode":"0","ResponseDescription":"The service request has been accepted successsfully","MerchantRequestID":"3124-481d-b706-10bdd6fbc8e21900511","CheckoutRequestID":"ws_CO_21112024111911767757196660","ResultCode":"1032","ResultDesc":"Request cancelled by user","ResultMessage":"Transaction cancelled by user"}
[2024-11-21 11:18:57] [INFO] Database connection established successfully
[2024-11-21 11:18:57] [DEBUG] Attempting to update payment status with details: {"checkoutRequestId":"ws_CO_21112024111911767757196660","status":"CANCELLED","resultCode":"1032","resultDesc":"Request cancelled by user","mpesaReceiptNumber":null,"phoneNumber":null}
[2024-11-21 11:18:57] [DEBUG] Payment status update - Affected rows: 1
[2024-11-21 11:18:57] [INFO] Successfully updated payment status for CheckoutRequestID: ws_CO_21112024111911767757196660
[2024-11-21 09:19:03] [INFO] Starting payment status check request
[2024-11-21 09:19:03] [DEBUG] Raw input: {"checkoutRequestId":"ws_CO_21112024111911767757196660"}
[2024-11-21 11:19:05] [INFO] Access token generated successfully
[2024-11-21 11:19:05] [INFO] Starting transaction query for CheckoutRequestID: ws_CO_21112024111911767757196660
[2024-11-21 11:19:05] [INFO] Query payload: {"BusinessShortCode":"174379","Password":"MTc0Mzc5YmZiMjc5ZjlhYTliZGJjZjE1OGU5N2RkNzFhNDY3Y2QyZTBjODkzMDU5YjEwZjc4ZTZiNzJhZGExZWQyYzkxOTIwMjQxMTIxMTExOTA1","Timestamp":"20241121111905","CheckoutRequestID":"ws_CO_21112024111911767757196660"}
[2024-11-21 11:19:06] [INFO] Full MPesa API Response: {
            "ResponseCode": "0",
            "ResponseDescription":"The service request has been accepted successsfully",
            "MerchantRequestID":"3124-481d-b706-10bdd6fbc8e21900511",
            "CheckoutRequestID":"ws_CO_21112024111911767757196660",
            "ResultCode": "1032",
            "ResultDesc":"Request cancelled by user"
        }
        
[2024-11-21 11:19:06] [DEBUG] Parsed MPesa Response: {"ResponseCode":"0","ResponseDescription":"The service request has been accepted successsfully","MerchantRequestID":"3124-481d-b706-10bdd6fbc8e21900511","CheckoutRequestID":"ws_CO_21112024111911767757196660","ResultCode":"1032","ResultDesc":"Request cancelled by user","ResultMessage":"Transaction cancelled by user"}
[2024-11-21 11:19:06] [INFO] Database connection established successfully
[2024-11-21 11:19:06] [DEBUG] Attempting to update payment status with details: {"checkoutRequestId":"ws_CO_21112024111911767757196660","status":"CANCELLED","resultCode":"1032","resultDesc":"Request cancelled by user","mpesaReceiptNumber":null,"phoneNumber":null}
[2024-11-21 11:19:06] [DEBUG] Payment status update - Affected rows: 1
[2024-11-21 11:19:06] [INFO] Successfully updated payment status for CheckoutRequestID: ws_CO_21112024111911767757196660
[2024-11-21 09:19:07] [INFO] Starting payment status check request
[2024-11-21 09:19:07] [DEBUG] Raw input: {"checkoutRequestId":"ws_CO_21112024111911767757196660"}
[2024-11-21 11:19:07] [INFO] Access token generated successfully
[2024-11-21 11:19:07] [INFO] Starting transaction query for CheckoutRequestID: ws_CO_21112024111911767757196660
[2024-11-21 11:19:07] [INFO] Query payload: {"BusinessShortCode":"174379","Password":"MTc0Mzc5YmZiMjc5ZjlhYTliZGJjZjE1OGU5N2RkNzFhNDY3Y2QyZTBjODkzMDU5YjEwZjc4ZTZiNzJhZGExZWQyYzkxOTIwMjQxMTIxMTExOTA3","Timestamp":"20241121111907","CheckoutRequestID":"ws_CO_21112024111911767757196660"}
[2024-11-21 11:19:08] [INFO] Full MPesa API Response: {
            "ResponseCode": "0",
            "ResponseDescription":"The service request has been accepted successsfully",
            "MerchantRequestID":"3124-481d-b706-10bdd6fbc8e21900511",
            "CheckoutRequestID":"ws_CO_21112024111911767757196660",
            "ResultCode": "1032",
            "ResultDesc":"Request cancelled by user"
        }
        
[2024-11-21 11:19:08] [DEBUG] Parsed MPesa Response: {"ResponseCode":"0","ResponseDescription":"The service request has been accepted successsfully","MerchantRequestID":"3124-481d-b706-10bdd6fbc8e21900511","CheckoutRequestID":"ws_CO_21112024111911767757196660","ResultCode":"1032","ResultDesc":"Request cancelled by user","ResultMessage":"Transaction cancelled by user"}
[2024-11-21 11:19:08] [INFO] Database connection established successfully
[2024-11-21 11:19:08] [DEBUG] Attempting to update payment status with details: {"checkoutRequestId":"ws_CO_21112024111911767757196660","status":"CANCELLED","resultCode":"1032","resultDesc":"Request cancelled by user","mpesaReceiptNumber":null,"phoneNumber":null}
[2024-11-21 11:19:09] [DEBUG] Payment status update - Affected rows: 1
[2024-11-21 11:19:09] [INFO] Successfully updated payment status for CheckoutRequestID: ws_CO_21112024111911767757196660
[2024-11-21 09:19:16] [INFO] Starting payment status check request
[2024-11-21 09:19:17] [DEBUG] Raw input: {"checkoutRequestId":"ws_CO_21112024111911767757196660"}
[2024-11-21 11:19:17] [INFO] Access token generated successfully
[2024-11-21 11:19:17] [INFO] Starting transaction query for CheckoutRequestID: ws_CO_21112024111911767757196660
[2024-11-21 11:19:17] [INFO] Query payload: {"BusinessShortCode":"174379","Password":"MTc0Mzc5YmZiMjc5ZjlhYTliZGJjZjE1OGU5N2RkNzFhNDY3Y2QyZTBjODkzMDU5YjEwZjc4ZTZiNzJhZGExZWQyYzkxOTIwMjQxMTIxMTExOTE3","Timestamp":"20241121111917","CheckoutRequestID":"ws_CO_21112024111911767757196660"}
[2024-11-21 11:19:18] [INFO] Full MPesa API Response: {
            "ResponseCode": "0",
            "ResponseDescription":"The service request has been accepted successsfully",
            "MerchantRequestID":"3124-481d-b706-10bdd6fbc8e21900511",
            "CheckoutRequestID":"ws_CO_21112024111911767757196660",
            "ResultCode": "1032",
            "ResultDesc":"Request cancelled by user"
        }
        
[2024-11-21 11:19:18] [DEBUG] Parsed MPesa Response: {"ResponseCode":"0","ResponseDescription":"The service request has been accepted successsfully","MerchantRequestID":"3124-481d-b706-10bdd6fbc8e21900511","CheckoutRequestID":"ws_CO_21112024111911767757196660","ResultCode":"1032","ResultDesc":"Request cancelled by user","ResultMessage":"Transaction cancelled by user"}
[2024-11-21 11:19:18] [INFO] Database connection established successfully
[2024-11-21 11:19:18] [DEBUG] Attempting to update payment status with details: {"checkoutRequestId":"ws_CO_21112024111911767757196660","status":"CANCELLED","resultCode":"1032","resultDesc":"Request cancelled by user","mpesaReceiptNumber":null,"phoneNumber":null}
[2024-11-21 11:19:18] [DEBUG] Payment status update - Affected rows: 1
[2024-11-21 11:19:18] [INFO] Successfully updated payment status for CheckoutRequestID: ws_CO_21112024111911767757196660
[2024-11-21 09:19:26] [INFO] Starting payment status check request
[2024-11-21 09:19:26] [DEBUG] Raw input: {"checkoutRequestId":"ws_CO_21112024111911767757196660"}
[2024-11-21 11:19:27] [INFO] Access token generated successfully
[2024-11-21 11:19:27] [INFO] Starting transaction query for CheckoutRequestID: ws_CO_21112024111911767757196660
[2024-11-21 11:19:27] [INFO] Query payload: {"BusinessShortCode":"174379","Password":"MTc0Mzc5YmZiMjc5ZjlhYTliZGJjZjE1OGU5N2RkNzFhNDY3Y2QyZTBjODkzMDU5YjEwZjc4ZTZiNzJhZGExZWQyYzkxOTIwMjQxMTIxMTExOTI3","Timestamp":"20241121111927","CheckoutRequestID":"ws_CO_21112024111911767757196660"}
[2024-11-21 11:19:28] [INFO] Full MPesa API Response: {
            "ResponseCode": "0",
            "ResponseDescription":"The service request has been accepted successsfully",
            "MerchantRequestID":"3124-481d-b706-10bdd6fbc8e21900511",
            "CheckoutRequestID":"ws_CO_21112024111911767757196660",
            "ResultCode": "1032",
            "ResultDesc":"Request cancelled by user"
        }
        
[2024-11-21 11:19:28] [DEBUG] Parsed MPesa Response: {"ResponseCode":"0","ResponseDescription":"The service request has been accepted successsfully","MerchantRequestID":"3124-481d-b706-10bdd6fbc8e21900511","CheckoutRequestID":"ws_CO_21112024111911767757196660","ResultCode":"1032","ResultDesc":"Request cancelled by user","ResultMessage":"Transaction cancelled by user"}
[2024-11-21 11:19:28] [INFO] Database connection established successfully
[2024-11-21 11:19:28] [DEBUG] Attempting to update payment status with details: {"checkoutRequestId":"ws_CO_21112024111911767757196660","status":"CANCELLED","resultCode":"1032","resultDesc":"Request cancelled by user","mpesaReceiptNumber":null,"phoneNumber":null}
[2024-11-21 11:19:28] [DEBUG] Payment status update - Affected rows: 1
[2024-11-21 11:19:28] [INFO] Successfully updated payment status for CheckoutRequestID: ws_CO_21112024111911767757196660
[2024-11-21 09:19:28] [INFO] Starting payment status check request
[2024-11-21 09:19:28] [DEBUG] Raw input: {"checkoutRequestId":"ws_CO_21112024111911767757196660"}
[2024-11-21 11:19:28] [INFO] Access token generated successfully
[2024-11-21 11:19:28] [INFO] Starting transaction query for CheckoutRequestID: ws_CO_21112024111911767757196660
[2024-11-21 11:19:28] [INFO] Query payload: {"BusinessShortCode":"174379","Password":"MTc0Mzc5YmZiMjc5ZjlhYTliZGJjZjE1OGU5N2RkNzFhNDY3Y2QyZTBjODkzMDU5YjEwZjc4ZTZiNzJhZGExZWQyYzkxOTIwMjQxMTIxMTExOTI4","Timestamp":"20241121111928","CheckoutRequestID":"ws_CO_21112024111911767757196660"}
[2024-11-21 11:19:29] [INFO] Full MPesa API Response: {
            "ResponseCode": "0",
            "ResponseDescription":"The service request has been accepted successsfully",
            "MerchantRequestID":"3124-481d-b706-10bdd6fbc8e21900511",
            "CheckoutRequestID":"ws_CO_21112024111911767757196660",
            "ResultCode": "1032",
            "ResultDesc":"Request cancelled by user"
        }
        
[2024-11-21 11:19:29] [DEBUG] Parsed MPesa Response: {"ResponseCode":"0","ResponseDescription":"The service request has been accepted successsfully","MerchantRequestID":"3124-481d-b706-10bdd6fbc8e21900511","CheckoutRequestID":"ws_CO_21112024111911767757196660","ResultCode":"1032","ResultDesc":"Request cancelled by user","ResultMessage":"Transaction cancelled by user"}
[2024-11-21 11:19:29] [INFO] Database connection established successfully
[2024-11-21 11:19:29] [DEBUG] Attempting to update payment status with details: {"checkoutRequestId":"ws_CO_21112024111911767757196660","status":"CANCELLED","resultCode":"1032","resultDesc":"Request cancelled by user","mpesaReceiptNumber":null,"phoneNumber":null}
[2024-11-21 11:19:29] [DEBUG] Payment status update - Affected rows: 1
[2024-11-21 11:19:29] [INFO] Successfully updated payment status for CheckoutRequestID: ws_CO_21112024111911767757196660
[2024-11-21 09:24:10] [INFO] Starting payment status check request
[2024-11-21 09:24:10] [DEBUG] Raw input: {"checkoutRequestId":"ws_CO_21112024112446331757196660"}
[2024-11-21 11:24:10] [INFO] Access token generated successfully
[2024-11-21 11:24:10] [INFO] Starting transaction query for CheckoutRequestID: ws_CO_21112024112446331757196660
[2024-11-21 11:24:10] [INFO] Query payload: {"BusinessShortCode":"174379","Password":"MTc0Mzc5YmZiMjc5ZjlhYTliZGJjZjE1OGU5N2RkNzFhNDY3Y2QyZTBjODkzMDU5YjEwZjc4ZTZiNzJhZGExZWQyYzkxOTIwMjQxMTIxMTEyNDEw","Timestamp":"20241121112410","CheckoutRequestID":"ws_CO_21112024112446331757196660"}
[2024-11-21 11:24:11] [INFO] Full MPesa API Response: {
            "ResponseCode": "0",
            "ResponseDescription":"The service request has been accepted successsfully",
            "MerchantRequestID":"9b85-4b30-ba72-7f3656486f92608621",
            "CheckoutRequestID":"ws_CO_21112024112446331757196660",
            "ResultCode": "1032",
            "ResultDesc":"Request cancelled by user"
        }
        
[2024-11-21 11:24:11] [DEBUG] Parsed MPesa Response: {"ResponseCode":"0","ResponseDescription":"The service request has been accepted successsfully","MerchantRequestID":"9b85-4b30-ba72-7f3656486f92608621","CheckoutRequestID":"ws_CO_21112024112446331757196660","ResultCode":"1032","ResultDesc":"Request cancelled by user","ResultMessage":"Transaction cancelled by user"}
[2024-11-21 11:24:11] [INFO] Database connection established successfully
[2024-11-21 11:24:11] [DEBUG] Attempting to update payment status with details: {"checkoutRequestId":"ws_CO_21112024112446331757196660","status":"CANCELLED","resultCode":"1032","resultDesc":"Request cancelled by user","mpesaReceiptNumber":null,"phoneNumber":null}
[2024-11-21 11:24:11] [DEBUG] Payment status update - Affected rows: 1
[2024-11-21 11:24:11] [INFO] Successfully updated payment status for CheckoutRequestID: ws_CO_21112024112446331757196660
[2024-11-21 09:24:15] [INFO] Starting payment status check request
[2024-11-21 09:24:15] [DEBUG] Raw input: {"checkoutRequestId":"ws_CO_21112024112446331757196660"}
[2024-11-21 11:24:15] [INFO] Access token generated successfully
[2024-11-21 11:24:15] [INFO] Starting transaction query for CheckoutRequestID: ws_CO_21112024112446331757196660
[2024-11-21 11:24:15] [INFO] Query payload: {"BusinessShortCode":"174379","Password":"MTc0Mzc5YmZiMjc5ZjlhYTliZGJjZjE1OGU5N2RkNzFhNDY3Y2QyZTBjODkzMDU5YjEwZjc4ZTZiNzJhZGExZWQyYzkxOTIwMjQxMTIxMTEyNDE1","Timestamp":"20241121112415","CheckoutRequestID":"ws_CO_21112024112446331757196660"}
[2024-11-21 11:24:15] [INFO] Full MPesa API Response: {
            "ResponseCode": "0",
            "ResponseDescription":"The service request has been accepted successsfully",
            "MerchantRequestID":"9b85-4b30-ba72-7f3656486f92608621",
            "CheckoutRequestID":"ws_CO_21112024112446331757196660",
            "ResultCode": "1032",
            "ResultDesc":"Request cancelled by user"
        }
        
[2024-11-21 11:24:15] [DEBUG] Parsed MPesa Response: {"ResponseCode":"0","ResponseDescription":"The service request has been accepted successsfully","MerchantRequestID":"9b85-4b30-ba72-7f3656486f92608621","CheckoutRequestID":"ws_CO_21112024112446331757196660","ResultCode":"1032","ResultDesc":"Request cancelled by user","ResultMessage":"Transaction cancelled by user"}
[2024-11-21 11:24:15] [INFO] Database connection established successfully
[2024-11-21 11:24:15] [DEBUG] Attempting to update payment status with details: {"checkoutRequestId":"ws_CO_21112024112446331757196660","status":"CANCELLED","resultCode":"1032","resultDesc":"Request cancelled by user","mpesaReceiptNumber":null,"phoneNumber":null}
[2024-11-21 11:24:15] [DEBUG] Payment status update - Affected rows: 1
[2024-11-21 11:24:15] [INFO] Successfully updated payment status for CheckoutRequestID: ws_CO_21112024112446331757196660
[2024-11-21 09:24:20] [INFO] Starting payment status check request
[2024-11-21 09:24:20] [DEBUG] Raw input: {"checkoutRequestId":"ws_CO_21112024112446331757196660"}
[2024-11-21 11:24:20] [INFO] Access token generated successfully
[2024-11-21 11:24:20] [INFO] Starting transaction query for CheckoutRequestID: ws_CO_21112024112446331757196660
[2024-11-21 11:24:20] [INFO] Query payload: {"BusinessShortCode":"174379","Password":"MTc0Mzc5YmZiMjc5ZjlhYTliZGJjZjE1OGU5N2RkNzFhNDY3Y2QyZTBjODkzMDU5YjEwZjc4ZTZiNzJhZGExZWQyYzkxOTIwMjQxMTIxMTEyNDIw","Timestamp":"20241121112420","CheckoutRequestID":"ws_CO_21112024112446331757196660"}
[2024-11-21 11:24:20] [INFO] Full MPesa API Response: {
            "ResponseCode": "0",
            "ResponseDescription":"The service request has been accepted successsfully",
            "MerchantRequestID":"9b85-4b30-ba72-7f3656486f92608621",
            "CheckoutRequestID":"ws_CO_21112024112446331757196660",
            "ResultCode": "1032",
            "ResultDesc":"Request cancelled by user"
        }
        
[2024-11-21 11:24:20] [DEBUG] Parsed MPesa Response: {"ResponseCode":"0","ResponseDescription":"The service request has been accepted successsfully","MerchantRequestID":"9b85-4b30-ba72-7f3656486f92608621","CheckoutRequestID":"ws_CO_21112024112446331757196660","ResultCode":"1032","ResultDesc":"Request cancelled by user","ResultMessage":"Transaction cancelled by user"}
[2024-11-21 11:24:20] [INFO] Database connection established successfully
[2024-11-21 11:24:20] [DEBUG] Attempting to update payment status with details: {"checkoutRequestId":"ws_CO_21112024112446331757196660","status":"CANCELLED","resultCode":"1032","resultDesc":"Request cancelled by user","mpesaReceiptNumber":null,"phoneNumber":null}
[2024-11-21 11:24:20] [DEBUG] Payment status update - Affected rows: 1
[2024-11-21 11:24:20] [INFO] Successfully updated payment status for CheckoutRequestID: ws_CO_21112024112446331757196660
[2024-11-21 09:24:25] [INFO] Starting payment status check request
[2024-11-21 09:24:25] [DEBUG] Raw input: {"checkoutRequestId":"ws_CO_21112024112446331757196660"}
[2024-11-21 11:24:25] [INFO] Access token generated successfully
[2024-11-21 11:24:25] [INFO] Starting transaction query for CheckoutRequestID: ws_CO_21112024112446331757196660
[2024-11-21 11:24:25] [INFO] Query payload: {"BusinessShortCode":"174379","Password":"MTc0Mzc5YmZiMjc5ZjlhYTliZGJjZjE1OGU5N2RkNzFhNDY3Y2QyZTBjODkzMDU5YjEwZjc4ZTZiNzJhZGExZWQyYzkxOTIwMjQxMTIxMTEyNDI1","Timestamp":"20241121112425","CheckoutRequestID":"ws_CO_21112024112446331757196660"}
[2024-11-21 11:24:25] [INFO] Full MPesa API Response: {
            "ResponseCode": "0",
            "ResponseDescription":"The service request has been accepted successsfully",
            "MerchantRequestID":"9b85-4b30-ba72-7f3656486f92608621",
            "CheckoutRequestID":"ws_CO_21112024112446331757196660",
            "ResultCode": "1032",
            "ResultDesc":"Request cancelled by user"
        }
        
[2024-11-21 11:24:25] [DEBUG] Parsed MPesa Response: {"ResponseCode":"0","ResponseDescription":"The service request has been accepted successsfully","MerchantRequestID":"9b85-4b30-ba72-7f3656486f92608621","CheckoutRequestID":"ws_CO_21112024112446331757196660","ResultCode":"1032","ResultDesc":"Request cancelled by user","ResultMessage":"Transaction cancelled by user"}
[2024-11-21 11:24:25] [INFO] Database connection established successfully
[2024-11-21 11:24:25] [DEBUG] Attempting to update payment status with details: {"checkoutRequestId":"ws_CO_21112024112446331757196660","status":"CANCELLED","resultCode":"1032","resultDesc":"Request cancelled by user","mpesaReceiptNumber":null,"phoneNumber":null}
[2024-11-21 11:24:25] [DEBUG] Payment status update - Affected rows: 1
[2024-11-21 11:24:25] [INFO] Successfully updated payment status for CheckoutRequestID: ws_CO_21112024112446331757196660
[2024-11-21 09:24:30] [INFO] Starting payment status check request
[2024-11-21 09:24:30] [DEBUG] Raw input: {"checkoutRequestId":"ws_CO_21112024112446331757196660"}
[2024-11-21 11:24:30] [INFO] Access token generated successfully
[2024-11-21 11:24:30] [INFO] Starting transaction query for CheckoutRequestID: ws_CO_21112024112446331757196660
[2024-11-21 11:24:30] [INFO] Query payload: {"BusinessShortCode":"174379","Password":"MTc0Mzc5YmZiMjc5ZjlhYTliZGJjZjE1OGU5N2RkNzFhNDY3Y2QyZTBjODkzMDU5YjEwZjc4ZTZiNzJhZGExZWQyYzkxOTIwMjQxMTIxMTEyNDMw","Timestamp":"20241121112430","CheckoutRequestID":"ws_CO_21112024112446331757196660"}
[2024-11-21 11:24:31] [INFO] Full MPesa API Response: {
            "ResponseCode": "0",
            "ResponseDescription":"The service request has been accepted successsfully",
            "MerchantRequestID":"9b85-4b30-ba72-7f3656486f92608621",
            "CheckoutRequestID":"ws_CO_21112024112446331757196660",
            "ResultCode": "1032",
            "ResultDesc":"Request cancelled by user"
        }
        
[2024-11-21 11:24:31] [DEBUG] Parsed MPesa Response: {"ResponseCode":"0","ResponseDescription":"The service request has been accepted successsfully","MerchantRequestID":"9b85-4b30-ba72-7f3656486f92608621","CheckoutRequestID":"ws_CO_21112024112446331757196660","ResultCode":"1032","ResultDesc":"Request cancelled by user","ResultMessage":"Transaction cancelled by user"}
[2024-11-21 11:24:31] [INFO] Database connection established successfully
[2024-11-21 11:24:31] [DEBUG] Attempting to update payment status with details: {"checkoutRequestId":"ws_CO_21112024112446331757196660","status":"CANCELLED","resultCode":"1032","resultDesc":"Request cancelled by user","mpesaReceiptNumber":null,"phoneNumber":null}
[2024-11-21 11:24:31] [DEBUG] Payment status update - Affected rows: 1
[2024-11-21 11:24:31] [INFO] Successfully updated payment status for CheckoutRequestID: ws_CO_21112024112446331757196660
[2024-11-21 09:24:35] [INFO] Starting payment status check request
[2024-11-21 09:24:35] [DEBUG] Raw input: {"checkoutRequestId":"ws_CO_21112024112446331757196660"}
[2024-11-21 11:24:35] [INFO] Access token generated successfully
[2024-11-21 11:24:35] [INFO] Starting transaction query for CheckoutRequestID: ws_CO_21112024112446331757196660
[2024-11-21 11:24:35] [INFO] Query payload: {"BusinessShortCode":"174379","Password":"MTc0Mzc5YmZiMjc5ZjlhYTliZGJjZjE1OGU5N2RkNzFhNDY3Y2QyZTBjODkzMDU5YjEwZjc4ZTZiNzJhZGExZWQyYzkxOTIwMjQxMTIxMTEyNDM1","Timestamp":"20241121112435","CheckoutRequestID":"ws_CO_21112024112446331757196660"}
[2024-11-21 11:24:36] [INFO] Full MPesa API Response: {
            "ResponseCode": "0",
            "ResponseDescription":"The service request has been accepted successsfully",
            "MerchantRequestID":"9b85-4b30-ba72-7f3656486f92608621",
            "CheckoutRequestID":"ws_CO_21112024112446331757196660",
            "ResultCode": "1032",
            "ResultDesc":"Request cancelled by user"
        }
        
[2024-11-21 11:24:36] [DEBUG] Parsed MPesa Response: {"ResponseCode":"0","ResponseDescription":"The service request has been accepted successsfully","MerchantRequestID":"9b85-4b30-ba72-7f3656486f92608621","CheckoutRequestID":"ws_CO_21112024112446331757196660","ResultCode":"1032","ResultDesc":"Request cancelled by user","ResultMessage":"Transaction cancelled by user"}
[2024-11-21 11:24:36] [INFO] Database connection established successfully
[2024-11-21 11:24:36] [DEBUG] Attempting to update payment status with details: {"checkoutRequestId":"ws_CO_21112024112446331757196660","status":"CANCELLED","resultCode":"1032","resultDesc":"Request cancelled by user","mpesaReceiptNumber":null,"phoneNumber":null}
[2024-11-21 11:24:36] [DEBUG] Payment status update - Affected rows: 1
[2024-11-21 11:24:36] [INFO] Successfully updated payment status for CheckoutRequestID: ws_CO_21112024112446331757196660
[2024-11-21 09:24:40] [INFO] Starting payment status check request
[2024-11-21 09:24:40] [DEBUG] Raw input: {"checkoutRequestId":"ws_CO_21112024112446331757196660"}
[2024-11-21 11:24:40] [INFO] Access token generated successfully
[2024-11-21 11:24:40] [INFO] Starting transaction query for CheckoutRequestID: ws_CO_21112024112446331757196660
[2024-11-21 11:24:40] [INFO] Query payload: {"BusinessShortCode":"174379","Password":"MTc0Mzc5YmZiMjc5ZjlhYTliZGJjZjE1OGU5N2RkNzFhNDY3Y2QyZTBjODkzMDU5YjEwZjc4ZTZiNzJhZGExZWQyYzkxOTIwMjQxMTIxMTEyNDQw","Timestamp":"20241121112440","CheckoutRequestID":"ws_CO_21112024112446331757196660"}
[2024-11-21 11:24:41] [INFO] Full MPesa API Response: {
            "ResponseCode": "0",
            "ResponseDescription":"The service request has been accepted successsfully",
            "MerchantRequestID":"9b85-4b30-ba72-7f3656486f92608621",
            "CheckoutRequestID":"ws_CO_21112024112446331757196660",
            "ResultCode": "1032",
            "ResultDesc":"Request cancelled by user"
        }
        
[2024-11-21 11:24:41] [DEBUG] Parsed MPesa Response: {"ResponseCode":"0","ResponseDescription":"The service request has been accepted successsfully","MerchantRequestID":"9b85-4b30-ba72-7f3656486f92608621","CheckoutRequestID":"ws_CO_21112024112446331757196660","ResultCode":"1032","ResultDesc":"Request cancelled by user","ResultMessage":"Transaction cancelled by user"}
[2024-11-21 11:24:41] [INFO] Database connection established successfully
[2024-11-21 11:24:41] [DEBUG] Attempting to update payment status with details: {"checkoutRequestId":"ws_CO_21112024112446331757196660","status":"CANCELLED","resultCode":"1032","resultDesc":"Request cancelled by user","mpesaReceiptNumber":null,"phoneNumber":null}
[2024-11-21 11:24:41] [DEBUG] Payment status update - Affected rows: 1
[2024-11-21 11:24:41] [INFO] Successfully updated payment status for CheckoutRequestID: ws_CO_21112024112446331757196660
